<?xml version="1.0" encoding="UTF-8"?>
<testng-results ignored="0" total="1" passed="1" failed="0" skipped="0">
  <reporter-output>
  </reporter-output>
  <suite started-at="2023-03-04T11:14:22 IST" name="signIn" finished-at="2023-03-04T11:15:33 IST" duration-ms="70406">
    <groups>
    </groups>
    <test started-at="2023-03-04T11:14:22 IST" name="LoginTestCase" finished-at="2023-03-04T11:15:33 IST" duration-ms="70406">
      <class name="testCase.LoginTestCase">
        <test-method is-config="true" signature="accessget()[pri:0, instance:testCase.LoginTestCase@6b927fb]" started-at="2023-03-04T11:14:23 IST" name="accessget" finished-at="2023-03-04T11:14:23 IST" duration-ms="78" status="PASS">
          <reporter-output>
          </reporter-output>
        </test-method> <!-- accessget -->
        <test-method is-config="true" signature="setup(java.lang.String,java.lang.String)[pri:0, instance:testCase.LoginTestCase@6b927fb]" started-at="2023-03-04T11:14:23 IST" name="setup" finished-at="2023-03-04T11:15:29 IST" duration-ms="66117" status="PASS">
          <params>
            <param index="0">
              <value>
                <![CDATA[chrome]]>
              </value>
            </param>
            <param index="1">
              <value>
                <![CDATA[http://tms.pisystindia.com/siteengineer/login]]>
              </value>
            </param>
          </params>
          <reporter-output>
          </reporter-output>
        </test-method> <!-- setup -->
        <test-method signature="valid_Data()[pri:0, instance:testCase.LoginTestCase@6b927fb]" started-at="2023-03-04T11:15:29 IST" name="valid_Data" finished-at="2023-03-04T11:15:33 IST" duration-ms="4006" status="PASS">
          <reporter-output>
          </reporter-output>
        </test-method> <!-- valid_Data -->
        <test-method is-config="true" signature="close()[pri:0, instance:testCase.LoginTestCase@6b927fb]" started-at="2023-03-04T11:15:33 IST" name="close" finished-at="2023-03-04T11:15:33 IST" duration-ms="5" status="PASS">
          <reporter-output>
          </reporter-output>
        </test-method> <!-- close -->
      </class> <!-- testCase.LoginTestCase -->
    </test> <!-- LoginTestCase -->
  </suite> <!-- signIn -->
</testng-results>
